<?xml version="1.0" encoding="UTF-8"?>
<!-- Generated by org.testng.reporters.JUnitReportReporter -->
<testsuite skipped="0" hostname="dbs-note-286" name="com.br.MyTest" tests="1" failures="0" timestamp="03 fev 2018 01:48:23 GMT" time="9.641" errors="0">
  <testcase name="nomeClasse" time="9.641" classname="com.br.MyTest"/>
</testsuite> <!-- com.br.MyTest -->
